# JRE version: OpenJDK Runtime Environment (17.0.6) (build 17.0.6+0-b2043.56-10027231)
# Java VM: OpenJDK 64-Bit Server VM (17.0.6+0-b2043.56-10027231, mixed mode, tiered, compressed oops, compressed class ptrs, g1 gc, windows-amd64)
GC Precious Log:
 CPUs: 12 total, 12 available
 Memory: 8061M
 Large Page Support: Disabled
 NUMA Support: Disabled
 Compressed Oops: Enabled (32-bit)
 Heap Region Size: 1M
 Heap Min Capacity: 8M
 Heap Initial Capacity: 126M
 Heap Max Capacity: 2G
 Pre-touch: Disabled
 Parallel Workers: 10
 Concurrent Workers: 3
 Concurrent Refinement Workers: 10
 Periodic GC: Disabled
Heap:
 garbage-first heap   total 65536K, used 34168K [0x0000000080000000, 0x0000000100000000)
  region size 1024K, 3 young (3072K), 3 survivors (3072K)
 Metaspace       used 49515K, committed 49984K, reserved 1097728K
  class space    used 6613K, committed 6848K, reserved 1048576K
GC Heap History (20 events):
Event: 1.358 GC heap after
{Heap after GC invocations=2 (full 0):
 garbage-first heap   total 129024K, used 14322K [0x0000000080000000, 0x0000000100000000)
  region size 1024K, 4 young (4096K), 4 survivors (4096K)
 Metaspace       used 11217K, committed 11456K, reserved 1064960K
  class space    used 1162K, committed 1280K, reserved 1048576K
}
Event: 3.124 GC heap before
{Heap before GC invocations=2 (full 0):
 garbage-first heap   total 129024K, used 51186K [0x0000000080000000, 0x0000000100000000)
  region size 1024K, 41 young (41984K), 4 survivors (4096K)
 Metaspace       used 21252K, committed 21504K, reserved 1073152K
  class space    used 2581K, committed 2752K, reserved 1048576K
}
Event: 3.131 GC heap after
{Heap after GC invocations=3 (full 0):
 garbage-first heap   total 129024K, used 18324K [0x0000000080000000, 0x0000000100000000)
  region size 1024K, 8 young (8192K), 8 survivors (8192K)
 Metaspace       used 21252K, committed 21504K, reserved 1073152K
  class space    used 2581K, committed 2752K, reserved 1048576K
}
Event: 4.456 GC heap before
{Heap before GC invocations=4 (full 0):
 garbage-first heap   total 65536K, used 50068K [0x0000000080000000, 0x0000000100000000)
  region size 1024K, 40 young (40960K), 8 survivors (8192K)
 Metaspace       used 26374K, committed 26624K, reserved 1073152K
  class space    used 3471K, committed 3584K, reserved 1048576K
}
Event: 4.463 GC heap after
{Heap after GC invocations=5 (full 0):
 garbage-first heap   total 65536K, used 20378K [0x0000000080000000, 0x0000000100000000)
  region size 1024K, 6 young (6144K), 6 survivors (6144K)
 Metaspace       used 26374K, committed 26624K, reserved 1073152K
  class space    used 3471K, committed 3584K, reserved 1048576K
}
Event: 5.231 GC heap before
{Heap before GC invocations=5 (full 0):
 garbage-first heap   total 65536K, used 44954K [0x0000000080000000, 0x0000000100000000)
  region size 1024K, 30 young (30720K), 6 survivors (6144K)
 Metaspace       used 30134K, committed 30464K, reserved 1081344K
  class space    used 4091K, committed 4224K, reserved 1048576K
}
Event: 5.238 GC heap after
{Heap after GC invocations=6 (full 0):
 garbage-first heap   total 65536K, used 21810K [0x0000000080000000, 0x0000000100000000)
  region size 1024K, 4 young (4096K), 4 survivors (4096K)
 Metaspace       used 30134K, committed 30464K, reserved 1081344K
  class space    used 4091K, committed 4224K, reserved 1048576K
}
Event: 6.027 GC heap before
{Heap before GC invocations=6 (full 0):
 garbage-first heap   total 65536K, used 46386K [0x0000000080000000, 0x0000000100000000)
  region size 1024K, 28 young (28672K), 4 survivors (4096K)
 Metaspace       used 34110K, committed 34496K, reserved 1081344K
  class space    used 4706K, committed 4864K, reserved 1048576K
}
Event: 6.031 GC heap after
{Heap after GC invocations=7 (full 0):
 garbage-first heap   total 65536K, used 23484K [0x0000000080000000, 0x0000000100000000)
  region size 1024K, 3 young (3072K), 3 survivors (3072K)
 Metaspace       used 34110K, committed 34496K, reserved 1081344K
  class space    used 4706K, committed 4864K, reserved 1048576K
}
Event: 6.277 GC heap before
{Heap before GC invocations=7 (full 0):
 garbage-first heap   total 65536K, used 29628K [0x0000000080000000, 0x0000000100000000)
  region size 1024K, 10 young (10240K), 3 survivors (3072K)
 Metaspace       used 35625K, committed 35968K, reserved 1081344K
  class space    used 4875K, committed 5056K, reserved 1048576K
}
Event: 6.281 GC heap after
{Heap after GC invocations=8 (full 0):
 garbage-first heap   total 65536K, used 24429K [0x0000000080000000, 0x0000000100000000)
  region size 1024K, 3 young (3072K), 3 survivors (3072K)
 Metaspace       used 35625K, committed 35968K, reserved 1081344K
  class space    used 4875K, committed 5056K, reserved 1048576K
}
Event: 6.924 GC heap before
{Heap before GC invocations=9 (full 0):
 garbage-first heap   total 65536K, used 47981K [0x0000000080000000, 0x0000000100000000)
  region size 1024K, 27 young (27648K), 3 survivors (3072K)
 Metaspace       used 40399K, committed 40768K, reserved 1089536K
  class space    used 5354K, committed 5504K, reserved 1048576K
}
Event: 6.928 GC heap after
{Heap after GC invocations=10 (full 0):
 garbage-first heap   total 65536K, used 28106K [0x0000000080000000, 0x0000000100000000)
  region size 1024K, 4 young (4096K), 4 survivors (4096K)
 Metaspace       used 40399K, committed 40768K, reserved 1089536K
  class space    used 5354K, committed 5504K, reserved 1048576K
}
Event: 7.523 GC heap before
{Heap before GC invocations=10 (full 0):
 garbage-first heap   total 65536K, used 52682K [0x0000000080000000, 0x0000000100000000)
  region size 1024K, 25 young (25600K), 4 survivors (4096K)
 Metaspace       used 42767K, committed 43200K, reserved 1089536K
  class space    used 5607K, committed 5760K, reserved 1048576K
}
Event: 7.530 GC heap after
{Heap after GC invocations=11 (full 0):
 garbage-first heap   total 65536K, used 30478K [0x0000000080000000, 0x0000000100000000)
  region size 1024K, 3 young (3072K), 3 survivors (3072K)
 Metaspace       used 42767K, committed 43200K, reserved 1089536K
  class space    used 5607K, committed 5760K, reserved 1048576K
}
Event: 8.056 GC heap before
{Heap before GC invocations=11 (full 0):
 garbage-first heap   total 65536K, used 49934K [0x0000000080000000, 0x0000000100000000)
  region size 1024K, 22 young (22528K), 3 survivors (3072K)
 Metaspace       used 44495K, committed 44928K, reserved 1089536K
  class space    used 5760K, committed 5952K, reserved 1048576K
}
Event: 8.060 GC heap after
{Heap after GC invocations=12 (full 0):
 garbage-first heap   total 65536K, used 31892K [0x0000000080000000, 0x0000000100000000)
  region size 1024K, 2 young (2048K), 2 survivors (2048K)
 Metaspace       used 44495K, committed 44928K, reserved 1089536K
  class space    used 5760K, committed 5952K, reserved 1048576K
}
Event: 8.918 GC heap before
{Heap before GC invocations=12 (full 0):
 garbage-first heap   total 65536K, used 51348K [0x0000000080000000, 0x0000000100000000)
  region size 1024K, 21 young (21504K), 2 survivors (2048K)
 Metaspace       used 47025K, committed 47424K, reserved 1097728K
  class space    used 6191K, committed 6400K, reserved 1048576K
}
Event: 8.921 GC heap after
{Heap after GC invocations=13 (full 0):
 garbage-first heap   total 65536K, used 33124K [0x0000000080000000, 0x0000000100000000)
  region size 1024K, 3 young (3072K), 3 survivors (3072K)
 Metaspace       used 47025K, committed 47424K, reserved 1097728K
  class space    used 6191K, committed 6400K, reserved 1048576K
}
Event: 9.592 GC heap before
{Heap before GC invocations=14 (full 0):
 garbage-first heap   total 65536K, used 51556K [0x0000000080000000, 0x0000000100000000)
  region size 1024K, 21 young (21504K), 3 survivors (3072K)
 Metaspace       used 49515K, committed 49984K, reserved 1097728K
  class space    used 6613K, committed 6848K, reserved 1048576K
}

